STEP to UG
! INFO-     NX STEP AP203 - V12.0
! INFO-      
! INFO-     Start of Translation: 16-FEB-2024  5:56:48 AM
! INFO-      
! STATUS-   Converting Part: C:\Users\Sazewar\Desktop\Autobot\Autorobot\Beetle.STEP
! SUMMARY-   
! SUMMARY-    STEP Header Information
! SUMMARY-   
! SUMMARY-  Description      STEP AP203
! SUMMARY-  Imp_Level        1
! SUMMARY-  File_Name        Beetle.STEP
! SUMMARY-  Date             2024-02-16T02:55:04
! SUMMARY-  Author           Unknown
! SUMMARY-  Organization     Unknown
! SUMMARY-  Pre_Version      SwSTEP 2.0
! SUMMARY-  Orig_System      SolidWorks 2022
! SUMMARY-  Authorization    Unknown
! SUMMARY-  Schema_ID        ap203_configuration_controlled_3d_design_of_mechanical_parts_and_assemblies_mim_lf
! SUMMARY-   
! SUMMARY-    Summary of STEP Entities
! SUMMARY-   
! SUMMARY-  Entity Type                                                   Count
! SUMMARY-  -----------                                                   ------
! SUMMARY-  advanced_face ..............................................:    198
! SUMMARY-  application_context ........................................:      2
! SUMMARY-  approval ...................................................:      3
! SUMMARY-  approval_date_time .........................................:      3
! SUMMARY-  approval_person_organization ...............................:      3
! SUMMARY-  approval_role ..............................................:      3
! SUMMARY-  approval_status ............................................:      3
! SUMMARY-  axis2_placement_3d .........................................:    115
! SUMMARY-  b_spline_curve_with_knots ..................................:    395
! SUMMARY-  b_spline_curve_with_knots_and_rational_b_spline_curve ......:     32
! SUMMARY-  b_spline_surface_with_knots ................................:     50
! SUMMARY-  b_spline_surface_with_knots_and_rational_b_spline_surface ..:     96
! SUMMARY-  calendar_date ..............................................:      5
! SUMMARY-  cartesian_point ............................................: 265875
! SUMMARY-  cc_design_approval .........................................:      3
! SUMMARY-  cc_design_date_and_time_assignment .........................:      2
! SUMMARY-  cc_design_person_and_organization_assignment ...............:      5
! SUMMARY-  cc_design_security_classification ..........................:      1
! SUMMARY-  circle .....................................................:     62
! SUMMARY-  closed_shell ...............................................:      3
! SUMMARY-  conical_surface ............................................:      8
! SUMMARY-  coordinated_universal_time_offset ..........................:      5
! SUMMARY-  cylindrical_surface ........................................:     20
! SUMMARY-  date_and_time ..............................................:      5
! SUMMARY-  date_time_role .............................................:      2
! SUMMARY-  design_context .............................................:      1
! SUMMARY-  direction ..................................................:    263
! SUMMARY-  edge_curve .................................................:    522
! SUMMARY-  edge_loop ..................................................:    210
! SUMMARY-  face_bound .................................................:     12
! SUMMARY-  face_outer_bound ...........................................:    198
! SUMMARY-  geometric_representation_context_and_global_uncertainty_a ..:      1
! SUMMARY-  length_unit_and_si_unit ....................................:      1
! SUMMARY-  line .......................................................:     33
! SUMMARY-  local_time .................................................:      5
! SUMMARY-  manifold_solid_brep ........................................:      3
! SUMMARY-  mechanical_context .........................................:      1
! SUMMARY-  organization ...............................................:      1
! SUMMARY-  oriented_edge ..............................................:   1044
! SUMMARY-  person .....................................................:      1
! SUMMARY-  person_and_organization ....................................:      8
! SUMMARY-  person_and_organization_role ...............................:      5
! SUMMARY-  plane ......................................................:     22
! SUMMARY-  plane_angle_unit_and_si_unit ...............................:      1
! SUMMARY-  product ....................................................:      1
! SUMMARY-  product_definition .........................................:      1
! SUMMARY-  product_definition_formation_with_specified_source .........:      1
! SUMMARY-  product_definition_shape ...................................:      1
! SUMMARY-  product_related_product_category ...........................:      1
! SUMMARY-  security_classification ....................................:      1
! SUMMARY-  security_classification_level ..............................:      1
! SUMMARY-  si_unit_and_solid_angle_unit ...............................:      1
! SUMMARY-  toroidal_surface ...........................................:      2
! SUMMARY-  uncertainty_measure_with_unit ..............................:      1
! SUMMARY-  vector .....................................................:     33
! SUMMARY-  vertex_point ...............................................:    342
! SUMMARY-                                                               -------
! SUMMARY-  Total                                                         269617
! STATUS-    
! STATUS-   Converting to Output Form (Phase 2 of 3): 16-FEB-2024 5:56:50 AM
! STATUS-    
! STATUS-    
! STATUS-   Generating UG geometry and placing them in parts
! STATUS-    
! STATUS-   Creating the UG part (Phase 3 of 3): 16-FEB-2024  5:56:50 AM
! STATUS-    
! STATUS-   Creating UG solid body from Input Ent Id 257784
! STATUS-    
! STATUS-   fixing vertex and/or edge off surface faults
! STATUS-    
! STATUS-   simplifying Bsplines to analytics
! STATUS-    
! STATUS-   converting tolerant edges into exact edges
! STATUS-    
! STATUS-   doing final check of body to report any faults
! STATUS-    
! STATUS-    
! STATUS-   Creating UG solid body from Input Ent Id 162391
! STATUS-    
! STATUS-   fixing vertex and/or edge off surface faults
! STATUS-    
! STATUS-   simplifying Bsplines to analytics
! STATUS-    
! STATUS-   converting tolerant edges into exact edges
! STATUS-    
! STATUS-   doing final check of body to report any faults
! STATUS-    
! STATUS-    
! STATUS-   Creating UG solid body from Input Ent Id 167788
! STATUS-    
! INFO-     Degeneracy in b-surface entity 200988 in V direction was corrected at
! INFO-     or around these locations.  A shape change has resulted:
! INFO-         -103.725317 7.318360 -636.588673
! INFO-     Degeneracy in b-surface entity 224971 in V direction was corrected at
! INFO-     or around these locations.  A shape change has resulted:
! INFO-         103.725317 7.318360 -636.588673
! STATUS-   fixing vertex and/or edge off surface faults
! STATUS-    
! STATUS-   simplifying Bsplines to analytics
! STATUS-    
! STATUS-   converting tolerant edges into exact edges
! STATUS-    
! STATUS-   doing final check of body to report any faults
! STATUS-    
! INFO-     Filing Part ..: C:\Users\Sazewar\Desktop\Autobot\Autorobot\Beetle_step.prt
! SUMMARY-   
! SUMMARY-  Summary of Unigraphics Part Entities
! SUMMARY-   
! SUMMARY-  Entities Processed             Count
! SUMMARY-  ------------------             -----
! SUMMARY-  Solid .......................:     3
! SUMMARY-                                 -----
! SUMMARY-  Total                              3
! INFO-      
! INFO-     Total number of solids input for this translation       :         3
! INFO-      
! INFO-     Number of solids created without body validation faults :         3
! INFO-      
! INFO-     Number of solids created with body validation fault(s)  :         0
! INFO-      
! INFO-     Number of solids ending up as sheet bodies              :         0
! INFO-      
! INFO-     End of Translation: 16-FEB-2024  5:56:58 AM
! INFO-      
