STEP to UG
! INFO-     NX STEP AP203 - V12.0
! INFO-      
! INFO-     Start of Translation: 28-FEB-2024  3:43:36 PM
! INFO-      
! STATUS-   Converting Part: C:\Users\Sazewar\Desktop\Autobot\Autorobot\ITR9608.STEP
! SUMMARY-   
! SUMMARY-    STEP Header Information
! SUMMARY-   
! SUMMARY-  Description      STEP AP214
! SUMMARY-  Imp_Level        1
! SUMMARY-  File_Name        ITR9608.STEP
! SUMMARY-  Date             2020-05-28T13:25:13
! SUMMARY-  Author           Unknown
! SUMMARY-  Organization     Unknown
! SUMMARY-  Pre_Version      SwSTEP 2.0
! SUMMARY-  Orig_System      SolidWorks 2020
! SUMMARY-  Authorization    Unknown
! SUMMARY-  Schema_ID        automotive_design
! SUMMARY-   
! SUMMARY-    Summary of STEP Entities
! SUMMARY-   
! SUMMARY-  Entity Type                                                   Count
! SUMMARY-  -----------                                                   ------
! SUMMARY-  advanced_face ..............................................:     50
! SUMMARY-  application_context ........................................:      2
! SUMMARY-  axis2_placement_3d .........................................:     67
! SUMMARY-  cartesian_point ............................................:    263
! SUMMARY-  circle .....................................................:     16
! SUMMARY-  closed_shell ...............................................:      1
! SUMMARY-  cylindrical_surface ........................................:      8
! SUMMARY-  direction ..................................................:    246
! SUMMARY-  edge_curve .................................................:    128
! SUMMARY-  edge_loop ..................................................:     54
! SUMMARY-  face_bound .................................................:      4
! SUMMARY-  face_outer_bound ...........................................:     50
! SUMMARY-  geometric_representation_context_and_global_uncertainty_a ..:     15
! SUMMARY-  length_unit_and_si_unit ....................................:     15
! SUMMARY-  line .......................................................:    112
! SUMMARY-  manifold_solid_brep ........................................:      1
! SUMMARY-  oriented_edge ..............................................:    256
! SUMMARY-  plane ......................................................:     42
! SUMMARY-  plane_angle_unit_and_si_unit ...............................:     15
! SUMMARY-  product ....................................................:      1
! SUMMARY-  product_context ............................................:      1
! SUMMARY-  product_definition .........................................:      1
! SUMMARY-  product_definition_context .................................:      1
! SUMMARY-  product_definition_formation_with_specified_source .........:      1
! SUMMARY-  product_definition_shape ...................................:      1
! SUMMARY-  product_related_product_category ...........................:      1
! SUMMARY-  si_unit_and_solid_angle_unit ...............................:     15
! SUMMARY-  uncertainty_measure_with_unit ..............................:     15
! SUMMARY-  vector .....................................................:    112
! SUMMARY-  vertex_point ...............................................:     84
! SUMMARY-                                                               -------
! SUMMARY-  Total                                                           1578
! STATUS-    
! STATUS-   Converting to Output Form (Phase 2 of 3): 28-FEB-2024 3:43:36 PM
! STATUS-    
! STATUS-    
! STATUS-   Generating UG geometry and placing them in parts
! STATUS-    
! STATUS-   Creating the UG part (Phase 3 of 3): 28-FEB-2024  3:43:36 PM
! STATUS-    
! STATUS-   Creating UG solid body from Input Ent Id 795
! STATUS-    
! STATUS-   simplifying Bsplines to analytics
! STATUS-    
! STATUS-   converting tolerant edges into exact edges
! STATUS-    
! STATUS-   doing final check of body to report any faults
! STATUS-    
! INFO-     Filing Part ..: C:\Users\Sazewar\Desktop\Autobot\Autorobot\ITR9608_step.prt
! SUMMARY-   
! SUMMARY-  Summary of Unigraphics Part Entities
! SUMMARY-   
! SUMMARY-  Entities Processed             Count
! SUMMARY-  ------------------             -----
! SUMMARY-  Solid .......................:     1
! SUMMARY-                                 -----
! SUMMARY-  Total                              1
! INFO-      
! INFO-     Total number of solids input for this translation       :         1
! INFO-      
! INFO-     Number of solids created without body validation faults :         1
! INFO-      
! INFO-     Number of solids created with body validation fault(s)  :         0
! INFO-      
! INFO-     Number of solids ending up as sheet bodies              :         0
! INFO-      
! INFO-     End of Translation: 28-FEB-2024  3:43:36 PM
! INFO-      
