IGES to UG
! INFO-     NX V12.0 / IGES Specification 5.3
! INFO-      
! INFO-     Start of Translation: 22-FEB-2024  10:03:33 AM
! INFO-      
! STATUS-   Converting Part: C:\Users\Sazewar\Desktop\Autobot\Autorobot\qiaojia.igs
! INFO-     START RECORD GO HERE.                                                   
! SUMMARY-   
! SUMMARY-  Summary of Supported IGES Entities in file
! SUMMARY-   
! SUMMARY-  Entity Type                    Count
! SUMMARY-  -----------                    -----
! SUMMARY-  Line (110/0).................: 13199
! SUMMARY-  B-Spline Curve (126/0-4).....: 13657
! SUMMARY-  Composite Curve (102/0)......:  6678
! SUMMARY-  Ruled Surface (118/0)........:    56
! SUMMARY-  B-Spline Surface (128/0-9)...:  3311
! SUMMARY-  Curve of Surface (142/0).....:  3367
! SUMMARY-  Trimmed Surface (144/0)......:  3367
! SUMMARY-  Color Definition (314/0,1)...:     7
! SUMMARY-  Name (406/15)................:    22
! SUMMARY-                                 -----
! SUMMARY-  Total                          43664
! STATUS-    
! STATUS-   Converting to Output Form (Phase 2 of 3): 22-FEB-2024 10:03:34 AM
! STATUS-    
! STATUS-   Creating the UG part (Phase 3 of 3): 22-FEB-2024  10:03:34 AM
! INFO-     SHEET BODY geometry problem.  Error code : 13805
! INFO-      
! INFO-     SHEET BODY geometry problem.  Error code : 13805
! INFO-      
! INFO-     SHEET BODY geometry problem.  Error code : 13805
! INFO-      
! INFO-     SHEET BODY geometry problem.  Error code : 13805
! INFO-      
! INFO-     SHEET BODY geometry problem.  Error code : 13805
! INFO-      
! INFO-     SHEET BODY geometry problem.  Error code : 13805
! INFO-      
! INFO-     SHEET BODY geometry problem.  Error code : 13805
! INFO-      
! INFO-     SHEET BODY geometry problem.  Error code : 13805
! INFO-      
! INFO-     SHEET BODY geometry problem.  Error code : 13805
! INFO-      
! INFO-     SHEET BODY geometry problem.  Error code : 13805
! INFO-      
! INFO-     SHEET BODY geometry problem.  Error code : 13805
! INFO-      
! INFO-     SHEET BODY geometry problem.  Error code : 13805
! INFO-      
! INFO-     SHEET BODY geometry problem.  Error code : 13805
! INFO-      
! INFO-     SHEET BODY geometry problem.  Error code : 13805
! INFO-      
! INFO-     Filing Part ..: C:\Users\Sazewar\Desktop\Autobot\Autorobot\qiaojia_igs.prt
! SUMMARY-   
! SUMMARY-  Summary of Unigraphics Input Entities
! SUMMARY-   
! SUMMARY-  Entities Processed             Count
! SUMMARY-  ------------------             -----
! SUMMARY-  B-Curve .....................:   112
! SUMMARY-  Part Attribute ..............:     9
! SUMMARY-  Solid .......................:  3423
! SUMMARY-                                 -----
! SUMMARY-  Total                           3544
! INFO-      
! INFO-     End of Translation: 22-FEB-2024  10:04:07 AM
! INFO-      
