
Unigraphics NX V12.0 / 2D Exchange

Reading part: C:\Users\Sazewar\Desktop\Autobot\Autorobot\Платформа1.prt


Writing part: C:\Users\Sazewar\AppData\Local\Temp\Saze2E64D116wys1.prt

Elapsed time   :    0 minutes,  0 seconds
Actual CPU Time:    0 minutes,  1 seconds

INFO-
INFO-		Unigraphics Version NX V12.0 to AutoCAD 2004
INFO-		
INFO-
INFO-		Running UGTODXF Translator .....
INFO-
INFO-		Start of Translation: Thu Feb 15 23:12:54 2024
INFO-
STATUS-		Converting C:\Users\Sazewar\AppData\Local\Temp\Saze2E64D116wys1.prt
STATUS-
SUMMARY-
SUMMARY-	Summary of Unigraphics Input Entities
SUMMARY-	For Unigraphics File: C:\Users\Sazewar\AppData\Local\Temp\Saze2E64D116wys1.prt
SUMMARY-	------------------------------------------------------------------
SUMMARY-	Entity Type					Count
SUMMARY-	------------------------------------------------------------------
SUMMARY-	Line .....................................:	31
SUMMARY-	Point ....................................:	1
SUMMARY-	Arc ......................................:	27
SUMMARY-	Circle ...................................:	24
SUMMARY-	------------------------------------------------------------------
SUMMARY-	Total ....................................:	83
SUMMARY-	------------------------------------------------------------------
SUMMARY-
STATUS-
INFO-
INFO-		Writing File: C:\Users\Sazewar\Desktop\Autobot\Autorobot\Платформа1_v2.dxf
SUMMARY-	Summary of AutoCAD Output Entities
SUMMARY-	------------------------------------------------------------------
SUMMARY-	Entity Type					Count
SUMMARY-	------------------------------------------------------------------
SUMMARY-	Arc ......................................:	27
SUMMARY-	Circle ...................................:	24
SUMMARY-	Point ....................................:	1
SUMMARY-	Line .....................................:	31
SUMMARY-	Layout ...................................:	6
SUMMARY-	------------------------------------------------------------------
SUMMARY-	Total ....................................:	89
SUMMARY-	------------------------------------------------------------------
SUMMARY-
INFO-
INFO-		End of Translation: Thu Feb 15 23:12:55 2024
INFO-		Translation CPU time: 0 m, 1 sINFO-
